c:\users\bogge\documents\code\c\coughacks hackathon\x64\debug\vc143.pdb
c:\users\bogge\documents\code\c\coughacks hackathon\x64\debug\vc143.idb
c:\users\bogge\documents\code\c\coughacks hackathon\x64\debug\imgui_widgets.obj
c:\users\bogge\documents\code\c\coughacks hackathon\x64\debug\imgui_tables.obj
c:\users\bogge\documents\code\c\coughacks hackathon\x64\debug\imgui_draw.obj
c:\users\bogge\documents\code\c\coughacks hackathon\x64\debug\imgui_demo.obj
c:\users\bogge\documents\code\c\coughacks hackathon\x64\debug\imgui.obj
c:\users\bogge\documents\code\c\coughacks hackathon\x64\debug\imgui_impl_win32.obj
c:\users\bogge\documents\code\c\coughacks hackathon\x64\debug\imgui_impl_dx12.obj
c:\users\bogge\documents\code\c\coughacks hackathon\x64\debug\smtp.obj
c:\users\bogge\documents\code\c\coughacks hackathon\x64\debug\registry_poll.obj
c:\users\bogge\documents\code\c\coughacks hackathon\x64\debug\main.obj
c:\users\bogge\documents\code\c\coughacks hackathon\x64\debug\ngui.obj
c:\users\bogge\documents\code\c\coughacks hackathon\x64\debug\config.obj
c:\users\bogge\documents\code\c\coughacks hackathon\x64\debug\libcurl-d.dll
c:\users\bogge\documents\code\c\coughacks hackathon\x64\debug\zlibd1.dll
c:\users\bogge\documents\code\c\coughacks hackathon\x64\debug\coughacks hackathon.exe
c:\users\bogge\documents\code\c\coughacks hackathon\x64\debug\coughacks hackathon.ilk
c:\users\bogge\documents\code\c\coughacks hackathon\x64\debug\coughacks hackathon.pdb
c:\users\bogge\documents\code\c\coughacks hackathon\x64\debug\coughack.a96cec2d.tlog\cl.command.1.tlog
c:\users\bogge\documents\code\c\coughacks hackathon\x64\debug\coughack.a96cec2d.tlog\cl.items.tlog
c:\users\bogge\documents\code\c\coughacks hackathon\x64\debug\coughack.a96cec2d.tlog\cl.read.1.tlog
c:\users\bogge\documents\code\c\coughacks hackathon\x64\debug\coughack.a96cec2d.tlog\cl.write.1.tlog
c:\users\bogge\documents\code\c\coughacks hackathon\x64\debug\coughack.a96cec2d.tlog\coughacks hackathon.write.1u.tlog
c:\users\bogge\documents\code\c\coughacks hackathon\x64\debug\coughack.a96cec2d.tlog\link.command.1.tlog
c:\users\bogge\documents\code\c\coughacks hackathon\x64\debug\coughack.a96cec2d.tlog\link.read.1.tlog
c:\users\bogge\documents\code\c\coughacks hackathon\x64\debug\coughack.a96cec2d.tlog\link.write.1.tlog
